2023-07-21 10:48:58.578  INFO 22692 --- [restartedMain] com.bs.helloboot.HelloBootApplication    : Starting HelloBootApplication using Java 17.0.5 on DESKTOP-OSPAM2G with PID 22692 (C:\servlet\springwork\helloBoot\target\classes started by JeongSangjun in C:\servlet\springwork\helloBoot)
2023-07-21 10:48:58.578 DEBUG 22692 --- [restartedMain] com.bs.helloboot.HelloBootApplication    : Running with Spring Boot v2.7.14-SNAPSHOT, Spring v5.3.29
2023-07-21 10:48:58.578  INFO 22692 --- [restartedMain] com.bs.helloboot.HelloBootApplication    : No active profile set, falling back to 1 default profile: "default"
2023-07-21 10:48:58.690  INFO 22692 --- [restartedMain] .s.d.r.c.RepositoryConfigurationDelegate : Bootstrapping Spring Data JDBC repositories in DEFAULT mode.
2023-07-21 10:48:58.693  INFO 22692 --- [restartedMain] .s.d.r.c.RepositoryConfigurationDelegate : Finished Spring Data repository scanning in 3 ms. Found 0 JDBC repository interfaces.
2023-07-21 10:48:58.709  WARN 22692 --- [restartedMain] o.m.s.mapper.ClassPathMapperScanner      : No MyBatis mapper was found in '[com.bs.helloboot]' package. Please check your configuration.
2023-07-21 10:48:58.742  INFO 22692 --- [restartedMain] o.s.b.w.embedded.tomcat.TomcatWebServer  : Tomcat initialized with port(s): 9090 (http)
2023-07-21 10:48:58.743  INFO 22692 --- [restartedMain] o.apache.catalina.core.StandardService   : Starting service [Tomcat]
2023-07-21 10:48:58.743  INFO 22692 --- [restartedMain] org.apache.catalina.core.StandardEngine  : Starting Servlet engine: [Apache Tomcat/9.0.78]
2023-07-21 10:48:58.816  INFO 22692 --- [restartedMain] org.apache.jasper.servlet.TldScanner     : At least one JAR was scanned for TLDs yet contained no TLDs. Enable debug logging for this logger for a complete list of JARs that were scanned but no TLDs were found in them. Skipping unneeded JARs during scanning can improve startup time and JSP compilation time.
2023-07-21 10:48:58.818  INFO 22692 --- [restartedMain] o.a.c.c.C.[Tomcat].[localhost].[/]       : Initializing Spring embedded WebApplicationContext
2023-07-21 10:48:58.819  INFO 22692 --- [restartedMain] w.s.c.ServletWebServerApplicationContext : Root WebApplicationContext: initialization completed in 239 ms
2023-07-21 10:48:58.893  INFO 22692 --- [restartedMain] o.s.b.a.w.s.WelcomePageHandlerMapping    : Adding welcome page template: index
2023-07-21 10:48:58.921  INFO 22692 --- [restartedMain] com.zaxxer.hikari.HikariDataSource       : HikariPool-2 - Starting...
2023-07-21 10:48:58.921  WARN 22692 --- [restartedMain] com.zaxxer.hikari.util.DriverDataSource  : Registered driver with driverClassName=oracle.jdbc.driver.OracleDriver was not found, trying direct instantiation.
2023-07-21 10:48:58.977  INFO 22692 --- [restartedMain] com.zaxxer.hikari.HikariDataSource       : HikariPool-2 - Start completed.
2023-07-21 10:48:58.989  INFO 22692 --- [restartedMain] o.s.b.d.a.OptionalLiveReloadServer       : LiveReload server is running on port 35729
2023-07-21 10:48:59.002  INFO 22692 --- [restartedMain] o.s.b.w.embedded.tomcat.TomcatWebServer  : Tomcat started on port(s): 9090 (http) with context path ''
2023-07-21 10:48:59.006  INFO 22692 --- [restartedMain] com.bs.helloboot.HelloBootApplication    : Started HelloBootApplication in 0.467 seconds (JVM running for 159.736)
2023-07-21 10:48:59.007  INFO 22692 --- [restartedMain] .ConditionEvaluationDeltaLoggingListener : Condition evaluation unchanged
